app/build/outputs/logs/manifest-merger-debug-report.txt
-- Merging decision tree log ---
manifest
ADDED from src/main/AndroidManifest.xml:2:1-132:12
	package
		ADDED from src/main/AndroidManifest.xml:3:5-29
		INJECTED from src/main/AndroidManifest.xml
		INJECTED from src/main/AndroidManifest.xml
	android:versionName
		ADDED from src/main/AndroidManifest.xml:5:5-30
		INJECTED from src/main/AndroidManifest.xml
		INJECTED from src/main/AndroidManifest.xml
	android:versionCode
		ADDED from src/main/AndroidManifest.xml:4:5-28
		INJECTED from src/main/AndroidManifest.xml
		INJECTED from src/main/AndroidManifest.xml
	xmlns:android
		ADDED from src/main/AndroidManifest.xml:2:11-69
application
ADDED from src/main/AndroidManifest.xml:8:5-108:19
MERGED from [com.android.support:appcompat-v7:23.1.0] AndroidManifest.xml:22:5-20
MERGED from [com.android.support:support-v4:23.1.0] AndroidManifest.xml:22:5-20
MERGED from [com.android.support:appcompat-v7:23.1.0] AndroidManifest.xml:22:5-20
MERGED from [com.android.support:support-v4:23.1.0] AndroidManifest.xml:22:5-20
MERGED from [com.android.support:support-v4:23.1.0] AndroidManifest.xml:22:5-20
MERGED from [com.android.support:design:23.0.1] AndroidManifest.xml:22:5-20
MERGED from [com.android.support:support-v4:23.1.0] AndroidManifest.xml:22:5-20
MERGED from [com.android.support:appcompat-v7:23.1.0] AndroidManifest.xml:22:5-20
MERGED from [com.android.support:support-v4:23.1.0] AndroidManifest.xml:22:5-20
MERGED from [com.android.support:support-v4:23.1.0] AndroidManifest.xml:22:5-20
MERGED from [com.android.support:cardview-v7:23.0.1] AndroidManifest.xml:22:5-20
MERGED from [com.pkmmte.view:circularimageview:1.1] AndroidManifest.xml:11:5-20
	android:label
		ADDED from src/main/AndroidManifest.xml:12:9-41
	android:allowBackup
		ADDED from src/main/AndroidManifest.xml:10:9-35
	android:icon
		ADDED from src/main/AndroidManifest.xml:11:9-43
	android:theme
		ADDED from src/main/AndroidManifest.xml:13:9-42
	android:name
		ADDED from src/main/AndroidManifest.xml:9:9-41
activity#co.wouri.coaze.uis.MainActivity
ADDED from src/main/AndroidManifest.xml:15:9-18:61
	android:screenOrientation
		ADDED from src/main/AndroidManifest.xml:18:13-49
	android:label
		ADDED from src/main/AndroidManifest.xml:17:13-45
	android:name
		ADDED from src/main/AndroidManifest.xml:16:13-45
activity#co.wouri.coaze.uis.ProfileActivity
ADDED from src/main/AndroidManifest.xml:20:9-24:67
	android:screenOrientation
		ADDED from src/main/AndroidManifest.xml:23:13-49
	android:label
		ADDED from src/main/AndroidManifest.xml:22:13-45
	android:windowSoftInputMode
		ADDED from src/main/AndroidManifest.xml:24:13-55
	android:name
		ADDED from src/main/AndroidManifest.xml:21:13-48
activity#co.wouri.coaze.uis.AboutActivity
ADDED from src/main/AndroidManifest.xml:26:9-29:61
	android:screenOrientation
		ADDED from src/main/AndroidManifest.xml:29:13-49
	android:label
		ADDED from src/main/AndroidManifest.xml:28:13-45
	android:name
		ADDED from src/main/AndroidManifest.xml:27:13-46
activity#co.wouri.coaze.uis.CostActivity
ADDED from src/main/AndroidManifest.xml:31:9-34:61
	android:screenOrientation
		ADDED from src/main/AndroidManifest.xml:34:13-49
	android:label
		ADDED from src/main/AndroidManifest.xml:33:13-45
	android:name
		ADDED from src/main/AndroidManifest.xml:32:13-45
activity#co.wouri.coaze.uis.BalanceActivity
ADDED from src/main/AndroidManifest.xml:36:9-39:61
	android:screenOrientation
		ADDED from src/main/AndroidManifest.xml:39:13-49
	android:label
		ADDED from src/main/AndroidManifest.xml:38:13-45
	android:name
		ADDED from src/main/AndroidManifest.xml:37:13-48
activity#co.wouri.coaze.uis.AddRecipientActivity
ADDED from src/main/AndroidManifest.xml:41:9-45:67
	android:screenOrientation
		ADDED from src/main/AndroidManifest.xml:44:13-49
	android:label
		ADDED from src/main/AndroidManifest.xml:43:13-45
	android:windowSoftInputMode
		ADDED from src/main/AndroidManifest.xml:45:13-55
	android:name
		ADDED from src/main/AndroidManifest.xml:42:13-53
activity#co.wouri.coaze.uis.SuccessActivity
ADDED from src/main/AndroidManifest.xml:47:9-50:61
	android:screenOrientation
		ADDED from src/main/AndroidManifest.xml:50:13-49
	android:label
		ADDED from src/main/AndroidManifest.xml:49:13-45
	android:name
		ADDED from src/main/AndroidManifest.xml:48:13-48
activity#co.wouri.coaze.uis.EditRecipientActivity
ADDED from src/main/AndroidManifest.xml:52:9-56:67
	android:screenOrientation
		ADDED from src/main/AndroidManifest.xml:55:13-49
	android:label
		ADDED from src/main/AndroidManifest.xml:54:13-45
	android:windowSoftInputMode
		ADDED from src/main/AndroidManifest.xml:56:13-55
	android:name
		ADDED from src/main/AndroidManifest.xml:53:13-54
activity#co.wouri.coaze.uis.RecipientActivity
ADDED from src/main/AndroidManifest.xml:58:9-62:67
	android:screenOrientation
		ADDED from src/main/AndroidManifest.xml:61:13-49
	android:label
		ADDED from src/main/AndroidManifest.xml:60:13-45
	android:windowSoftInputMode
		ADDED from src/main/AndroidManifest.xml:62:13-55
	android:name
		ADDED from src/main/AndroidManifest.xml:59:13-50
activity#co.wouri.coaze.uis.ChooseRecipientActivity
ADDED from src/main/AndroidManifest.xml:64:9-68:67
	android:screenOrientation
		ADDED from src/main/AndroidManifest.xml:67:13-49
	android:label
		ADDED from src/main/AndroidManifest.xml:66:13-45
	android:windowSoftInputMode
		ADDED from src/main/AndroidManifest.xml:68:13-55
	android:name
		ADDED from src/main/AndroidManifest.xml:65:13-56
activity#co.wouri.coaze.uis.TransferHistoryActivity
ADDED from src/main/AndroidManifest.xml:70:9-75:20
	android:screenOrientation
		ADDED from src/main/AndroidManifest.xml:73:13-49
	android:label
		ADDED from src/main/AndroidManifest.xml:72:13-45
	android:name
		ADDED from src/main/AndroidManifest.xml:71:13-56
activity#co.wouri.coaze.uis.TransferDetailsActivity
ADDED from src/main/AndroidManifest.xml:77:9-83:20
	android:screenOrientation
		ADDED from src/main/AndroidManifest.xml:79:13-49
	android:name
		ADDED from src/main/AndroidManifest.xml:78:13-56
meta-data#android.support.PARENT_ACTIVITY
ADDED from src/main/AndroidManifest.xml:80:13-82:64
	android:value
		ADDED from src/main/AndroidManifest.xml:82:17-61
	android:name
		ADDED from src/main/AndroidManifest.xml:81:17-63
activity#co.wouri.coaze.uis.AddFundActivity
ADDED from src/main/AndroidManifest.xml:85:9-89:67
	android:screenOrientation
		ADDED from src/main/AndroidManifest.xml:88:13-49
	android:label
		ADDED from src/main/AndroidManifest.xml:87:13-45
	android:windowSoftInputMode
		ADDED from src/main/AndroidManifest.xml:89:13-55
	android:name
		ADDED from src/main/AndroidManifest.xml:86:13-48
activity#co.wouri.coaze.uis.SplashScreenActivity
ADDED from src/main/AndroidManifest.xml:91:9-99:20
	android:screenOrientation
		ADDED from src/main/AndroidManifest.xml:94:13-49
	android:label
		ADDED from src/main/AndroidManifest.xml:93:13-45
	android:name
		ADDED from src/main/AndroidManifest.xml:92:13-53
intent-filter#android.intent.action.MAIN+android.intent.category.LAUNCHER
ADDED from src/main/AndroidManifest.xml:95:13-98:29
action#android.intent.action.MAIN
ADDED from src/main/AndroidManifest.xml:96:17-69
	android:name
		ADDED from src/main/AndroidManifest.xml:96:25-66
category#android.intent.category.LAUNCHER
ADDED from src/main/AndroidManifest.xml:97:17-77
	android:name
		ADDED from src/main/AndroidManifest.xml:97:27-74
activity#co.wouri.coaze.uis.ChooseAmountActivity
ADDED from src/main/AndroidManifest.xml:101:9-106:67
	android:screenOrientation
		ADDED from src/main/AndroidManifest.xml:105:13-49
	android:label
		ADDED from src/main/AndroidManifest.xml:103:13-65
	android:windowSoftInputMode
		ADDED from src/main/AndroidManifest.xml:106:13-55
	android:name
		ADDED from src/main/AndroidManifest.xml:102:13-53
uses-sdk
INJECTED from src/main/AndroidManifest.xml reason: use-sdk injection requested
MERGED from [com.android.support:multidex:1.0.0] AndroidManifest.xml:18:5-42
MERGED from [com.android.support:appcompat-v7:23.1.0] AndroidManifest.xml:20:5-43
MERGED from [com.android.support:support-v4:23.1.0] AndroidManifest.xml:20:5-43
MERGED from [com.android.support:appcompat-v7:23.1.0] AndroidManifest.xml:20:5-43
MERGED from [com.android.support:support-v4:23.1.0] AndroidManifest.xml:20:5-43
MERGED from [com.android.support:support-v4:23.1.0] AndroidManifest.xml:20:5-43
MERGED from [com.android.support:design:23.0.1] AndroidManifest.xml:20:5-43
MERGED from [com.android.support:support-v4:23.1.0] AndroidManifest.xml:20:5-43
MERGED from [com.android.support:appcompat-v7:23.1.0] AndroidManifest.xml:20:5-43
MERGED from [com.android.support:support-v4:23.1.0] AndroidManifest.xml:20:5-43
MERGED from [com.android.support:recyclerview-v7:23.0.1] AndroidManifest.xml:20:5-43
MERGED from [com.android.support:support-v4:23.1.0] AndroidManifest.xml:20:5-43
MERGED from [com.android.support:cardview-v7:23.0.1] AndroidManifest.xml:20:5-43
MERGED from [com.pkmmte.view:circularimageview:1.1] AndroidManifest.xml:7:5-9:41
	android:targetSdkVersion
		INJECTED from src/main/AndroidManifest.xml
		INJECTED from src/main/AndroidManifest.xml
	android:minSdkVersion
		INJECTED from src/main/AndroidManifest.xml
		INJECTED from src/main/AndroidManifest.xml